SF:lib/app/screens/home/state_management/home_cubit.dart
DA:12,2
DA:17,1
DA:18,3
DA:19,2
DA:21,1
DA:22,5
DA:23,1
DA:24,4
DA:25,3
LF:9
LH:9
end_of_record
SF:lib/app/screens/home/state_management/home_state.dart
DA:5,10
DA:9,1
DA:10,2
DA:14,8
DA:18,3
DA:22,2
DA:26,1
DA:27,3
DA:31,3
LF:9
LH:9
end_of_record
SF:lib/domain/entities/link.dart
DA:8,6
DA:14,2
DA:15,8
LF:3
LH:3
end_of_record
SF:lib/domain/models/failure.dart
DA:6,12
DA:12,0
DA:13,0
LF:3
LH:1
end_of_record
SF:lib/domain/usecases/shorten_link_use_case.dart
DA:13,1
DA:17,1
DA:19,2
LF:3
LH:3
end_of_record
SF:lib/data/http_client/http_client_wrapper.dart
DA:9,1
DA:14,1
DA:19,2
DA:23,2
DA:24,1
DA:25,3
DA:29,1
DA:35,2
DA:40,2
DA:41,1
DA:42,3
LF:11
LH:11
end_of_record
SF:lib/data/http_client/http_error_converter.dart
DA:8,1
DA:9,1
DA:11,1
DA:12,1
DA:13,1
DA:14,1
DA:15,1
DA:16,2
DA:18,2
LF:9
LH:9
end_of_record
SF:lib/app/screens/home/widgets/link_list.dart
DA:7,1
DA:10,0
DA:13,1
DA:15,1
DA:20,2
DA:21,4
LF:6
LH:5
end_of_record
SF:lib/app/screens/home/widgets/link_list_item.dart
DA:6,2
DA:9,1
DA:13,2
DA:15,2
DA:17,2
DA:19,2
DA:20,2
DA:21,4
DA:23,6
DA:25,2
DA:26,4
DA:28,6
LF:12
LH:12
end_of_record
SF:lib/data/apis/link_api.dart
DA:13,1
DA:17,1
DA:19,1
DA:21,2
DA:24,3
DA:26,1
LF:6
LH:6
end_of_record
SF:lib/data/models/shorten_link_response.dart
DA:8,3
DA:10,1
DA:11,1
DA:17,1
DA:18,3
DA:23,3
DA:25,1
DA:26,1
DA:31,1
DA:32,3
LF:10
LH:10
end_of_record
SF:lib/data/models/shorten_link_response.g.dart
DA:9,1
DA:10,1
DA:11,1
DA:12,2
DA:15,0
DA:17,0
DA:18,0
DA:19,0
DA:22,1
DA:23,1
DA:24,1
DA:25,1
DA:28,0
DA:29,0
DA:30,0
DA:31,0
LF:16
LH:8
end_of_record
SF:lib/data/http_client/register_http_client_module.dart
DA:6,0
DA:9,0
DA:10,0
LF:3
LH:0
end_of_record
SF:lib/data/repositories/link/link_repository_impl.dart
DA:10,1
DA:14,1
DA:16,2
DA:18,1
DA:19,2
DA:20,1
DA:21,2
DA:22,2
LF:8
LH:8
end_of_record
SF:lib/di/init_di.config.dart
DA:24,2
DA:29,2
DA:34,2
DA:35,2
DA:36,2
DA:37,0
DA:40,2
DA:41,0
DA:42,2
DA:43,0
DA:44,0
DA:46,2
DA:47,2
DA:48,0
DA:49,2
DA:50,0
DA:51,2
DA:52,0
LF:18
LH:11
end_of_record
SF:lib/di/init_di.dart
DA:6,6
DA:8,2
DA:13,4
LF:3
LH:3
end_of_record
